<?xml version="1.0" encoding="UTF-8"?>
<testsuite name="com.github.dorval.francois.composant.MainTest" tests="3" skipped="0" failures="0" errors="0" timestamp="2020-07-07T13:34:33" hostname="ALEXANDRECC" time="0.034">
  <properties/>
  <testcase name="testCasPassantBeteEtMechant" classname="com.github.dorval.francois.composant.MainTest" time="0.03"/>
  <testcase name="testCasKo" classname="com.github.dorval.francois.composant.MainTest" time="0.003"/>
  <testcase name="testQuiDiviseParZero" classname="com.github.dorval.francois.composant.MainTest" time="0.0"/>
  <system-out><![CDATA[]]></system-out>
  <system-err><![CDATA[]]></system-err>
</testsuite>
