<?xml version="1.0" encoding="UTF-8"?>
<testsuite name="com.github.dorval.francois.unit.DivisifieurTest" tests="1" skipped="0" failures="0" errors="0" timestamp="2020-07-07T15:24:42" hostname="ALEXANDRECC" time="0.0">
  <properties/>
  <testcase name="testUnitaire" classname="com.github.dorval.francois.unit.DivisifieurTest" time="0.0"/>
  <system-out><![CDATA[]]></system-out>
  <system-err><![CDATA[]]></system-err>
</testsuite>
